TN:
SF:__fixtures__/expectedFlatFilesResult.js
FNF:0
FNH:0
DA:1,1
DA:2,1
DA:3,1
DA:4,1
DA:5,1
DA:6,1
DA:7,1
DA:8,1
DA:9,1
DA:10,1
LF:10
LH:10
BRF:0
BRH:0
end_of_record
TN:
SF:src/genDiff.js
FN:1,genDiffs
FNF:1
FNH:1
FNDA:2,genDiffs
DA:1,2
DA:2,2
DA:3,2
DA:4,2
DA:5,2
DA:6,2
DA:7,2
DA:8,2
DA:9,10
DA:10,10
DA:11,10
DA:12,10
DA:13,4
DA:14,4
DA:15,4
DA:16,10
DA:17,2
DA:18,2
DA:19,2
DA:20,2
DA:21,2
DA:22,2
DA:23,2
DA:24,2
DA:25,1
DA:26,1
DA:27,1
DA:28,1
DA:29,1
DA:30,1
LF:30
LH:30
BRDA:1,0,0,2
BRDA:8,1,0,10
BRDA:10,2,0,2
BRDA:11,3,0,8
BRDA:12,4,0,4
BRDA:16,5,0,2
BRF:6
BRH:6
end_of_record
TN:
SF:src/index.js
FN:1,generateDiffs
FNF:1
FNH:1
FNDA:2,generateDiffs
DA:1,2
DA:2,2
DA:3,1
DA:4,1
DA:5,1
DA:6,1
DA:7,1
DA:8,1
LF:8
LH:8
BRDA:1,0,0,2
BRF:1
BRH:1
end_of_record
TN:
SF:src/parsers.js
FN:1,parseData
FNF:1
FNH:1
FNDA:4,parseData
DA:1,4
DA:2,4
DA:3,4
DA:4,4
DA:5,4
DA:6,4
DA:7,2
DA:8,2
DA:9,2
DA:10,0
DA:11,4
DA:12,1
DA:13,1
DA:14,1
DA:15,1
DA:16,1
DA:17,1
LF:17
LH:16
BRDA:1,0,0,4
BRDA:6,1,0,2
BRDA:9,2,0,0
BRF:3
BRH:2
end_of_record
